<?xml version="1.0" encoding="UTF-8" ?>
<testsuite tests="22" failures="0" name="TestH2" time="1.849" errors="0" skipped="0">
  <properties>
    <property name="idea.version" value="2021.2"/>
    <property name="java.runtime.name" value="OpenJDK Runtime Environment"/>
    <property name="java.vm.version" value="16.0.2+7"/>
    <property name="sun.boot.library.path" value="/usr/lib/jvm/java-16-openjdk-16.0.2.0.7-1.rolling.fc34.x86_64/lib"/>
    <property name="maven.multiModuleProjectDirectory" value="/home/michael_lipilov/IdeaProjects/HillelJavaThirdCourse/H2DB_APP"/>
    <property name="java.vm.vendor" value="Red Hat, Inc."/>
    <property name="java.vendor.url" value="https://www.redhat.com/"/>
    <property name="guice.disable.misplaced.annotation.check" value="true"/>
    <property name="path.separator" value=":"/>
    <property name="java.vm.name" value="OpenJDK 64-Bit Server VM"/>
    <property name="user.country" value="US"/>
    <property name="sun.java.launcher" value="SUN_STANDARD"/>
    <property name="java.vm.specification.name" value="Java Virtual Machine Specification"/>
    <property name="user.dir" value="/home/michael_lipilov/IdeaProjects/HillelJavaThirdCourse/H2DB_APP"/>
    <property name="java.vm.compressedOopsMode" value="32-bit"/>
    <property name="java.runtime.version" value="16.0.2+7"/>
    <property name="os.arch" value="amd64"/>
    <property name="java.io.tmpdir" value="/tmp"/>
    <property name="line.separator" value="
"/>
    <property name="java.vm.specification.vendor" value="Oracle Corporation"/>
    <property name="os.name" value="Linux"/>
    <property name="maven.ext.class.path" value="/home/michael_lipilov/Programmes/IDE/ideaIU-2021.2/idea-IU-212.4746.92/plugins/maven/lib/maven-event-listener.jar"/>
    <property name="classworlds.conf" value="/home/michael_lipilov/Programmes/IDE/ideaIU-2021.2/idea-IU-212.4746.92/plugins/maven/lib/maven3/bin/m2.conf"/>
    <property name="sun.jnu.encoding" value="UTF-8"/>
    <property name="java.library.path" value="/usr/java/packages/lib:/usr/lib64:/lib64:/lib:/usr/lib"/>
    <property name="maven.conf" value="/home/michael_lipilov/Programmes/IDE/ideaIU-2021.2/idea-IU-212.4746.92/plugins/maven/lib/maven3/conf"/>
    <property name="jdk.debug" value="release"/>
    <property name="java.class.version" value="60.0"/>
    <property name="java.specification.name" value="Java Platform API Specification"/>
    <property name="sun.management.compiler" value="HotSpot 64-Bit Tiered Compilers"/>
    <property name="os.version" value="5.13.9-200.fc34.x86_64"/>
    <property name="user.home" value="/home/michael_lipilov"/>
    <property name="user.timezone" value="Europe/Kiev"/>
    <property name="file.encoding" value="UTF-8"/>
    <property name="java.specification.version" value="16"/>
    <property name="user.name" value="michael_lipilov"/>
    <property name="java.class.path" value="/home/michael_lipilov/Programmes/IDE/ideaIU-2021.2/idea-IU-212.4746.92/plugins/maven/lib/maven3/boot/plexus-classworlds-2.6.0.jar:/home/michael_lipilov/Programmes/IDE/ideaIU-2021.2/idea-IU-212.4746.92/plugins/maven/lib/maven3/boot/plexus-classworlds.license"/>
    <property name="java.vm.specification.version" value="16"/>
    <property name="sun.arch.data.model" value="64"/>
    <property name="sun.java.command" value="org.codehaus.classworlds.Launcher -Didea.version=2021.2 package"/>
    <property name="java.home" value="/usr/lib/jvm/java-16-openjdk-16.0.2.0.7-1.rolling.fc34.x86_64"/>
    <property name="user.language" value="en"/>
    <property name="java.specification.vendor" value="Oracle Corporation"/>
    <property name="java.vm.info" value="mixed mode, sharing"/>
    <property name="java.version" value="16.0.2"/>
    <property name="securerandom.source" value="file:/dev/./urandom"/>
    <property name="java.vendor" value="Red Hat, Inc."/>
    <property name="maven.home" value="/home/michael_lipilov/Programmes/IDE/ideaIU-2021.2/idea-IU-212.4746.92/plugins/maven/lib/maven3"/>
    <property name="file.separator" value="/"/>
    <property name="java.version.date" value="2021-07-20"/>
    <property name="java.vendor.url.bug" value="https://bugzilla.redhat.com/enter_bug.cgi?product=Fedora&amp;component=java-latest-openjdk&amp;version=34"/>
    <property name="sun.io.unicode.encoding" value="UnicodeLittle"/>
    <property name="sun.cpu.endian" value="little"/>
    <property name="java.vendor.version" value="21.3"/>
  </properties>
  <testcase classname="TestH2" name="TestH2.testCreateDB" time="1.512"/>
  <testcase classname="TestH2" name="TestH2.testAddCountry" time="0.08"/>
  <testcase classname="TestH2" name="TestH2.testAddRegion" time="0.003"/>
  <testcase classname="TestH2" name="TestH2.testAddRegionNegative" time="0.002"/>
  <testcase classname="TestH2" name="TestH2.testAddCity" time="0.003"/>
  <testcase classname="TestH2" name="TestH2.testAddCityNegative" time="0.006"/>
  <testcase classname="TestH2" name="TestH2.testFindCountryById" time="0.136"/>
  <testcase classname="TestH2" name="TestH2.testFindCountryByIdNegative" time="0"/>
  <testcase classname="TestH2" name="TestH2.testFindCountryByName" time="0.008"/>
  <testcase classname="TestH2" name="TestH2.testFindCountryByNameNegative" time="0"/>
  <testcase classname="TestH2" name="TestH2.testFindRegionById" time="0.024"/>
  <testcase classname="TestH2" name="TestH2.testFindRegionByIdNegative" time="0.005"/>
  <testcase classname="TestH2" name="TestH2.testFindRegionByName" time="0.012"/>
  <testcase classname="TestH2" name="TestH2.testFindRegionByNameNegative" time="0.002"/>
  <testcase classname="TestH2" name="TestH2.testFindCityById" time="0.016"/>
  <testcase classname="TestH2" name="TestH2.testFindCityByIdNegative" time="0.002"/>
  <testcase classname="TestH2" name="TestH2.testFindCityByName" time="0.005"/>
  <testcase classname="TestH2" name="TestH2.testFindCityByNameNegative" time="0.002"/>
  <testcase classname="TestH2" name="TestH2.testPrintCountries" time="0.007"/>
  <testcase classname="TestH2" name="TestH2.testPrintRegions" time="0.004"/>
  <testcase classname="TestH2" name="TestH2.testPrintCities" time="0.006"/>
  <testcase classname="TestH2" name="TestH2.testDropDB" time="0.014"/>
</testsuite>